# commit

for request in driver.requests:

    if request.response:
        print(

            request.url,

            request.response.status_code,

            request.response.headers['Content-Type'],
            request.response.body

        )

for request in driver.requests:
    if "footer" in request.url:
        code = json.loads(request.response.body.decode('utf-8'))["code"]
        print(request.response.body)

print(code)

import re
for request in driver.requests:
    if "verificationCode" in request.url:
        input_string = request.response.body.decode('utf-8')
        print(input_string)
        pattern = r'{"code":"(\d{3})",'
        match = re.search(pattern, input_string)
        if match:
            print(match.group(1))
